<?xml version="1.0" encoding="UTF-8"?>
<!-- Generated by org.testng.reporters.JUnitReportReporter -->
<testsuite hostname="MAA-5CG0250W9F" failures="0" tests="1" name="testcases.TC02_LoginToBookStore" time="15.217" errors="0" timestamp="2025-03-18T23:38:49 IST" skipped="0">
  <testcase classname="testcases.TC02_LoginToBookStore" name="LoginToStore" time="15.217"/>
</testsuite> <!-- testcases.TC02_LoginToBookStore -->
